[debug] [2019-05-27T06:08:26.786Z] ----------------------------------------------------------------------
[debug] [2019-05-27T06:08:26.788Z] Command:       C:\Program Files\nodejs\node.exe C:\Users\bapti\AppData\Roaming\npm\node_modules\firebase-tools\lib\bin\firebase.js serve
[debug] [2019-05-27T06:08:26.789Z] CLI Version:   6.3.1
[debug] [2019-05-27T06:08:26.789Z] Platform:      win32
[debug] [2019-05-27T06:08:26.789Z] Node Version:  v10.15.1
[debug] [2019-05-27T06:08:26.790Z] Time:          Mon May 27 2019 08:08:26 GMT+0200 (GMT+02:00)
[debug] [2019-05-27T06:08:26.790Z] ----------------------------------------------------------------------
[debug] 
[debug] [2019-05-27T06:08:26.818Z] > command requires scopes: ["email","openid","https://www.googleapis.com/auth/cloudplatformprojects.readonly","https://www.googleapis.com/auth/firebase","https://www.googleapis.com/auth/cloud-platform"]
[debug] [2019-05-27T06:08:26.819Z] > authorizing via signed-in user
[debug] [2019-05-27T06:08:26.819Z] [iam] checking project efficientmind-16af7 for permissions ["firebase.projects.get"]
[debug] [2019-05-27T06:08:26.821Z] > refreshing access token with scopes: ["email","https://www.googleapis.com/auth/cloud-platform","https://www.googleapis.com/auth/cloudplatformprojects.readonly","https://www.googleapis.com/auth/firebase","openid"]
[debug] [2019-05-27T06:08:26.821Z] >>> HTTP REQUEST POST https://www.googleapis.com/oauth2/v3/token  
 <request body omitted>
[debug] [2019-05-27T06:08:27.139Z] <<< HTTP RESPONSE 200
[debug] [2019-05-27T06:08:27.177Z] >>> HTTP REQUEST POST https://cloudresourcemanager.googleapis.com/v1/projects/efficientmind-16af7:testIamPermissions  

[debug] [2019-05-27T06:08:28.138Z] <<< HTTP RESPONSE 200
[debug] [2019-05-27T06:08:28.139Z] >>> HTTP REQUEST GET https://cloudresourcemanager.googleapis.com/v1/projects/efficientmind-16af7  
 
[debug] [2019-05-27T06:08:29.017Z] <<< HTTP RESPONSE 200
[info] 
[info] === Serving from 'C:\Users\bapti\Dropbox\Projets prog\tempeteDeCerveau'...
[info] 
[debug] [2019-05-27T06:08:29.019Z] >>> HTTP REQUEST GET https://mobilesdk-pa.googleapis.com/v1/projects/604780332129/clients/_:getWebAppConfig  
 
[debug] [2019-05-27T06:08:29.559Z] <<< HTTP RESPONSE 200
[info] i  hosting: Serving hosting files from: public
[info] +  hosting: Local server: http://localhost:5000
